[2017-09-01 16:59:37,730][INFO ][modules.persist.mysql    ] 初始化连接池:{port=3306, database=wow, host=127.0.0.1, disable=false, username=root, password=root}
[2017-09-01 16:59:38,352][INFO ][com.alibaba.druid.pool.DruidDataSource] {dataSource-1} inited
[2017-09-01 16:59:38,445][INFO ][bootstrap.loader.impl    ] scan service package => com.example.service
[2017-09-01 16:59:38,486][INFO ][bootstrap.loader.impl    ] load service in ServiceFramwork.serviceModules =>0
[2017-09-01 16:59:38,486][INFO ][bootstrap.loader.impl    ] total load service  =>10
[2017-09-01 16:59:39,965][INFO ][org.eclipse.jetty.util.log] Logging initialized @5034ms
[2017-09-01 16:59:40,349][INFO ][org.eclipse.jetty.server.Server] jetty-9.2.16.v20160414
[2017-09-01 16:59:40,436][INFO ][org.eclipse.jetty.server.ServerConnector] Started ServerConnector@2f6c081d{HTTP/1.1}{:9002}
[2017-09-01 16:59:40,436][INFO ][org.eclipse.jetty.server.Server] Started @5508ms
[2017-09-01 17:01:44,345][INFO ][modules.controller       ] 加载配置 {/say/hello=10}
[2017-09-01 17:01:44,346][INFO ][modules.controller       ] 统计周期 3000秒
[2017-09-01 17:01:44,355][ERROR][modules.http             ] System processing error
net.csdn.common.exception.RecordNotFoundException: 你请求的URL地址[/]不存在
	at net.csdn.modules.http.RestController.dispatchRequest(RestController.java:90)
	at net.csdn.modules.http.HttpServer$DefaultHandler.handle(HttpServer.java:184)
	at org.eclipse.jetty.server.handler.HandlerList.handle(HandlerList.java:52)
	at org.eclipse.jetty.server.handler.HandlerWrapper.handle(HandlerWrapper.java:97)
	at org.eclipse.jetty.server.Server.handle(Server.java:499)
	at org.eclipse.jetty.server.HttpChannel.handle(HttpChannel.java:311)
	at org.eclipse.jetty.server.HttpConnection.onFillable(HttpConnection.java:257)
	at org.eclipse.jetty.io.AbstractConnection$2.run(AbstractConnection.java:544)
	at org.eclipse.jetty.util.thread.QueuedThreadPool.runJob(QueuedThreadPool.java:635)
	at org.eclipse.jetty.util.thread.QueuedThreadPool$3.run(QueuedThreadPool.java:555)
	at java.lang.Thread.run(Thread.java:745)
[2017-09-01 17:01:44,391][INFO ][modules.http.processor.impl] Completed 404 in 148ms (ActiveORM: 0ms)	GET /



[2017-09-01 17:01:44,514][ERROR][modules.http             ] System processing error
net.csdn.common.exception.RecordNotFoundException: 你请求的URL地址[/favicon.ico]不存在
	at net.csdn.modules.http.RestController.dispatchRequest(RestController.java:90)
	at net.csdn.modules.http.HttpServer$DefaultHandler.handle(HttpServer.java:184)
	at org.eclipse.jetty.server.handler.HandlerList.handle(HandlerList.java:52)
	at org.eclipse.jetty.server.handler.HandlerWrapper.handle(HandlerWrapper.java:97)
	at org.eclipse.jetty.server.Server.handle(Server.java:499)
	at org.eclipse.jetty.server.HttpChannel.handle(HttpChannel.java:311)
	at org.eclipse.jetty.server.HttpConnection.onFillable(HttpConnection.java:257)
	at org.eclipse.jetty.io.AbstractConnection$2.run(AbstractConnection.java:544)
	at org.eclipse.jetty.util.thread.QueuedThreadPool.runJob(QueuedThreadPool.java:635)
	at org.eclipse.jetty.util.thread.QueuedThreadPool$3.run(QueuedThreadPool.java:555)
	at java.lang.Thread.run(Thread.java:745)
[2017-09-01 17:01:44,516][INFO ][modules.http.processor.impl] Completed 404 in 3ms (ActiveORM: 0ms)	GET /favicon.ico



[2017-09-01 17:02:36,757][ERROR][modules.http             ] System processing error
net.csdn.common.exception.RecordNotFoundException: 你请求的URL地址[/tag]不存在
	at net.csdn.modules.http.RestController.dispatchRequest(RestController.java:90)
	at net.csdn.modules.http.HttpServer$DefaultHandler.handle(HttpServer.java:184)
	at org.eclipse.jetty.server.handler.HandlerList.handle(HandlerList.java:52)
	at org.eclipse.jetty.server.handler.HandlerWrapper.handle(HandlerWrapper.java:97)
	at org.eclipse.jetty.server.Server.handle(Server.java:499)
	at org.eclipse.jetty.server.HttpChannel.handle(HttpChannel.java:311)
	at org.eclipse.jetty.server.HttpConnection.onFillable(HttpConnection.java:257)
	at org.eclipse.jetty.io.AbstractConnection$2.run(AbstractConnection.java:544)
	at org.eclipse.jetty.util.thread.QueuedThreadPool.runJob(QueuedThreadPool.java:635)
	at org.eclipse.jetty.util.thread.QueuedThreadPool$3.run(QueuedThreadPool.java:555)
	at java.lang.Thread.run(Thread.java:745)
[2017-09-01 17:02:36,763][INFO ][modules.http.processor.impl] Completed 404 in 15ms (ActiveORM: 0ms)	POST /tag



[2017-09-01 17:03:11,355][ERROR][modules.http             ] System processing error
net.csdn.common.exception.RecordNotFoundException: 你请求的URL地址[/tag]不存在
	at net.csdn.modules.http.RestController.dispatchRequest(RestController.java:90)
	at net.csdn.modules.http.HttpServer$DefaultHandler.handle(HttpServer.java:184)
	at org.eclipse.jetty.server.handler.HandlerList.handle(HandlerList.java:52)
	at org.eclipse.jetty.server.handler.HandlerWrapper.handle(HandlerWrapper.java:97)
	at org.eclipse.jetty.server.Server.handle(Server.java:499)
	at org.eclipse.jetty.server.HttpChannel.handle(HttpChannel.java:311)
	at org.eclipse.jetty.server.HttpConnection.onFillable(HttpConnection.java:257)
	at org.eclipse.jetty.io.AbstractConnection$2.run(AbstractConnection.java:544)
	at org.eclipse.jetty.util.thread.QueuedThreadPool.runJob(QueuedThreadPool.java:635)
	at org.eclipse.jetty.util.thread.QueuedThreadPool$3.run(QueuedThreadPool.java:555)
	at java.lang.Thread.run(Thread.java:745)
[2017-09-01 17:03:11,358][INFO ][modules.http.processor.impl] Completed 404 in 3ms (ActiveORM: 0ms)	POST /tag



[2017-09-01 17:03:35,544][ERROR][modules.http             ] System processing error
net.csdn.common.exception.RecordNotFoundException: 你请求的URL地址[/say/hello=10]不存在
	at net.csdn.modules.http.RestController.dispatchRequest(RestController.java:90)
	at net.csdn.modules.http.HttpServer$DefaultHandler.handle(HttpServer.java:184)
	at org.eclipse.jetty.server.handler.HandlerList.handle(HandlerList.java:52)
	at org.eclipse.jetty.server.handler.HandlerWrapper.handle(HandlerWrapper.java:97)
	at org.eclipse.jetty.server.Server.handle(Server.java:499)
	at org.eclipse.jetty.server.HttpChannel.handle(HttpChannel.java:311)
	at org.eclipse.jetty.server.HttpConnection.onFillable(HttpConnection.java:257)
	at org.eclipse.jetty.io.AbstractConnection$2.run(AbstractConnection.java:544)
	at org.eclipse.jetty.util.thread.QueuedThreadPool.runJob(QueuedThreadPool.java:635)
	at org.eclipse.jetty.util.thread.QueuedThreadPool$3.run(QueuedThreadPool.java:555)
	at java.lang.Thread.run(Thread.java:745)
[2017-09-01 17:03:35,547][INFO ][modules.http.processor.impl] Completed 404 in 3ms (ActiveORM: 0ms)	GET /say/hello=10



[2017-09-01 17:03:39,918][ERROR][modules.http             ] System processing error
net.csdn.common.exception.RecordNotFoundException: 你请求的URL地址[/say/hello=10]不存在
	at net.csdn.modules.http.RestController.dispatchRequest(RestController.java:90)
	at net.csdn.modules.http.HttpServer$DefaultHandler.handle(HttpServer.java:184)
	at org.eclipse.jetty.server.handler.HandlerList.handle(HandlerList.java:52)
	at org.eclipse.jetty.server.handler.HandlerWrapper.handle(HandlerWrapper.java:97)
	at org.eclipse.jetty.server.Server.handle(Server.java:499)
	at org.eclipse.jetty.server.HttpChannel.handle(HttpChannel.java:311)
	at org.eclipse.jetty.server.HttpConnection.onFillable(HttpConnection.java:257)
	at org.eclipse.jetty.io.AbstractConnection$2.run(AbstractConnection.java:544)
	at org.eclipse.jetty.util.thread.QueuedThreadPool.runJob(QueuedThreadPool.java:635)
	at org.eclipse.jetty.util.thread.QueuedThreadPool$3.run(QueuedThreadPool.java:555)
	at java.lang.Thread.run(Thread.java:745)
[2017-09-01 17:03:39,920][INFO ][modules.http.processor.impl] Completed 404 in 3ms (ActiveORM: 0ms)	GET /say/hello=10



[2017-09-01 17:10:27,594][INFO ][modules.persist.mysql    ] 初始化连接池:{port=3306, database=wow, host=127.0.0.1, disable=false, username=root, password=root}
[2017-09-01 17:10:28,226][INFO ][com.alibaba.druid.pool.DruidDataSource] {dataSource-1} inited
[2017-09-01 17:10:28,308][INFO ][bootstrap.loader.impl    ] scan service package => net.csdn.service
[2017-09-01 17:10:28,328][INFO ][bootstrap.loader.impl    ] load service in ServiceFramwork.serviceModules =>0
[2017-09-01 17:10:28,328][INFO ][bootstrap.loader.impl    ] total load service  =>10
[2017-09-01 17:10:29,189][INFO ][org.eclipse.jetty.util.log] Logging initialized @3968ms
[2017-09-01 17:10:29,472][INFO ][org.eclipse.jetty.server.Server] jetty-9.2.16.v20160414
[2017-09-01 17:10:29,545][INFO ][org.eclipse.jetty.server.ServerConnector] Started ServerConnector@3838dd89{HTTP/1.1}{:9002}
[2017-09-01 17:10:29,546][INFO ][org.eclipse.jetty.server.Server] Started @4328ms
[2017-09-01 17:11:01,730][INFO ][modules.controller       ] 加载配置 {/say/hello=10}
[2017-09-01 17:11:01,732][INFO ][modules.controller       ] 统计周期 3000秒
[2017-09-01 17:11:01,741][ERROR][modules.http             ] System processing error
net.csdn.common.exception.RecordNotFoundException: 你请求的URL地址[/tag]不存在
	at net.csdn.modules.http.RestController.dispatchRequest(RestController.java:90)
	at net.csdn.modules.http.HttpServer$DefaultHandler.handle(HttpServer.java:184)
	at org.eclipse.jetty.server.handler.HandlerList.handle(HandlerList.java:52)
	at org.eclipse.jetty.server.handler.HandlerWrapper.handle(HandlerWrapper.java:97)
	at org.eclipse.jetty.server.Server.handle(Server.java:499)
	at org.eclipse.jetty.server.HttpChannel.handle(HttpChannel.java:311)
	at org.eclipse.jetty.server.HttpConnection.onFillable(HttpConnection.java:257)
	at org.eclipse.jetty.io.AbstractConnection$2.run(AbstractConnection.java:544)
	at org.eclipse.jetty.util.thread.QueuedThreadPool.runJob(QueuedThreadPool.java:635)
	at org.eclipse.jetty.util.thread.QueuedThreadPool$3.run(QueuedThreadPool.java:555)
	at java.lang.Thread.run(Thread.java:745)
[2017-09-01 17:11:01,751][INFO ][modules.http.processor.impl] Completed 404 in 78ms (ActiveORM: 0ms)	POST /tag



